app/build/intermediates/manifest_merge_blame_file/release/manifest-merger-blame-release-report.txt
1<?xml version="1.0" encoding="utf-8"?>
2<manifest xmlns:android="http://schemas.android.com/apk/res/android"
3    package="com.yourname.pdftoolkit"
4    android:versionCode="1"
5    android:versionName="1.0.0" >
6
7    <uses-sdk
8        android:minSdkVersion="24"
9        android:targetSdkVersion="34" />
10
11    <!-- Permissions with API level conditions for Play Store compliance -->
12    <uses-permission
12-->src/main/AndroidManifest.xml:6:5-8:38
13        android:name="android.permission.READ_EXTERNAL_STORAGE"
13-->src/main/AndroidManifest.xml:7:9-64
14        android:maxSdkVersion="32" />
14-->src/main/AndroidManifest.xml:8:9-35
15    <uses-permission
15-->src/main/AndroidManifest.xml:10:5-13:40
16        android:name="android.permission.WRITE_EXTERNAL_STORAGE"
16-->src/main/AndroidManifest.xml:11:9-65
17        android:maxSdkVersion="29" />
17-->src/main/AndroidManifest.xml:12:9-35
18
19    <permission
19-->[androidx.core:core:1.12.0] AndroidManifest.xml:22:5-24:47
20        android:name="com.yourname.pdftoolkit.DYNAMIC_RECEIVER_NOT_EXPORTED_PERMISSION"
20-->[androidx.core:core:1.12.0] AndroidManifest.xml:23:9-81
21        android:protectionLevel="signature" />
21-->[androidx.core:core:1.12.0] AndroidManifest.xml:24:9-44
22
23    <uses-permission android:name="com.yourname.pdftoolkit.DYNAMIC_RECEIVER_NOT_EXPORTED_PERMISSION" />
23-->[androidx.core:core:1.12.0] AndroidManifest.xml:26:5-97
23-->[androidx.core:core:1.12.0] AndroidManifest.xml:26:22-94
24
25    <application
25-->src/main/AndroidManifest.xml:15:5-70:19
26        android:name="com.yourname.pdftoolkit.PdfToolkitApplication"
26-->src/main/AndroidManifest.xml:16:9-46
27        android:allowBackup="true"
27-->src/main/AndroidManifest.xml:17:9-35
28        android:appComponentFactory="androidx.core.app.CoreComponentFactory"
28-->[androidx.core:core:1.12.0] AndroidManifest.xml:28:18-86
29        android:dataExtractionRules="@xml/data_extraction_rules"
29-->src/main/AndroidManifest.xml:18:9-65
30        android:extractNativeLibs="false"
31        android:fullBackupContent="@xml/backup_rules"
31-->src/main/AndroidManifest.xml:19:9-54
32        android:hardwareAccelerated="true"
32-->src/main/AndroidManifest.xml:25:9-43
33        android:icon="@drawable/app_icon"
33-->src/main/AndroidManifest.xml:20:9-42
34        android:label="@string/app_name"
34-->src/main/AndroidManifest.xml:21:9-41
35        android:requestLegacyExternalStorage="true"
35-->src/main/AndroidManifest.xml:26:9-52
36        android:roundIcon="@drawable/app_icon"
36-->src/main/AndroidManifest.xml:22:9-47
37        android:supportsRtl="true"
37-->src/main/AndroidManifest.xml:23:9-35
38        android:theme="@style/Theme.PDFToolkit" >
38-->src/main/AndroidManifest.xml:24:9-48
39        <activity
39-->src/main/AndroidManifest.xml:29:9-57:20
40            android:name="com.yourname.pdftoolkit.ui.MainActivity"
40-->src/main/AndroidManifest.xml:30:13-44
41            android:exported="true"
41-->src/main/AndroidManifest.xml:31:13-36
42            android:launchMode="singleTop"
42-->src/main/AndroidManifest.xml:32:13-43
43            android:theme="@style/Theme.PDFToolkit" >
43-->src/main/AndroidManifest.xml:33:13-52
44
45            <!-- Main Launcher Intent -->
46            <intent-filter>
46-->src/main/AndroidManifest.xml:36:13-39:29
47                <action android:name="android.intent.action.MAIN" />
47-->src/main/AndroidManifest.xml:37:17-69
47-->src/main/AndroidManifest.xml:37:25-66
48
49                <category android:name="android.intent.category.LAUNCHER" />
49-->src/main/AndroidManifest.xml:38:17-77
49-->src/main/AndroidManifest.xml:38:27-74
50            </intent-filter>
51
52            <!-- PDF Open Intent Filter -->
53            <intent-filter>
53-->src/main/AndroidManifest.xml:42:13-49:29
54                <action android:name="android.intent.action.VIEW" />
54-->src/main/AndroidManifest.xml:43:17-69
54-->src/main/AndroidManifest.xml:43:25-66
55
56                <category android:name="android.intent.category.DEFAULT" />
56-->src/main/AndroidManifest.xml:44:17-76
56-->src/main/AndroidManifest.xml:44:27-73
57                <category android:name="android.intent.category.BROWSABLE" />
57-->src/main/AndroidManifest.xml:45:17-78
57-->src/main/AndroidManifest.xml:45:27-75
58
59                <data android:mimeType="application/pdf" />
59-->src/main/AndroidManifest.xml:46:17-60
59-->src/main/AndroidManifest.xml:46:23-57
60                <data android:scheme="content" />
60-->src/main/AndroidManifest.xml:46:17-60
60-->src/main/AndroidManifest.xml:47:23-47
61                <data android:scheme="file" />
61-->src/main/AndroidManifest.xml:46:17-60
61-->src/main/AndroidManifest.xml:47:23-47
62            </intent-filter>
63
64            <!-- Handle Send/Share Intent -->
65            <intent-filter>
65-->src/main/AndroidManifest.xml:52:13-56:29
66                <action android:name="android.intent.action.SEND" />
66-->src/main/AndroidManifest.xml:53:17-69
66-->src/main/AndroidManifest.xml:53:25-66
67
68                <category android:name="android.intent.category.DEFAULT" />
68-->src/main/AndroidManifest.xml:44:17-76
68-->src/main/AndroidManifest.xml:44:27-73
69
70                <data android:mimeType="application/pdf" />
70-->src/main/AndroidManifest.xml:46:17-60
70-->src/main/AndroidManifest.xml:46:23-57
71            </intent-filter>
72        </activity>
73
74        <!-- FileProvider for secure PDF sharing -->
75        <provider
76            android:name="androidx.core.content.FileProvider"
76-->src/main/AndroidManifest.xml:61:13-62
77            android:authorities="com.yourname.pdftoolkit.provider"
77-->src/main/AndroidManifest.xml:62:13-60
78            android:exported="false"
78-->src/main/AndroidManifest.xml:63:13-37
79            android:grantUriPermissions="true" >
79-->src/main/AndroidManifest.xml:64:13-47
80            <meta-data
80-->src/main/AndroidManifest.xml:65:13-67:54
81                android:name="android.support.FILE_PROVIDER_PATHS"
81-->src/main/AndroidManifest.xml:66:17-67
82                android:resource="@xml/file_paths" />
82-->src/main/AndroidManifest.xml:67:17-51
83        </provider>
84        <provider
84-->[androidx.emoji2:emoji2:1.4.0] AndroidManifest.xml:24:9-32:20
85            android:name="androidx.startup.InitializationProvider"
85-->[androidx.emoji2:emoji2:1.4.0] AndroidManifest.xml:25:13-67
86            android:authorities="com.yourname.pdftoolkit.androidx-startup"
86-->[androidx.emoji2:emoji2:1.4.0] AndroidManifest.xml:26:13-68
87            android:exported="false" >
87-->[androidx.emoji2:emoji2:1.4.0] AndroidManifest.xml:27:13-37
88            <meta-data
88-->[androidx.emoji2:emoji2:1.4.0] AndroidManifest.xml:29:13-31:52
89                android:name="androidx.emoji2.text.EmojiCompatInitializer"
89-->[androidx.emoji2:emoji2:1.4.0] AndroidManifest.xml:30:17-75
90                android:value="androidx.startup" />
90-->[androidx.emoji2:emoji2:1.4.0] AndroidManifest.xml:31:17-49
91            <meta-data
91-->[androidx.lifecycle:lifecycle-process:2.7.0] AndroidManifest.xml:29:13-31:52
92                android:name="androidx.lifecycle.ProcessLifecycleInitializer"
92-->[androidx.lifecycle:lifecycle-process:2.7.0] AndroidManifest.xml:30:17-78
93                android:value="androidx.startup" />
93-->[androidx.lifecycle:lifecycle-process:2.7.0] AndroidManifest.xml:31:17-49
94            <meta-data
94-->[androidx.profileinstaller:profileinstaller:1.3.0] AndroidManifest.xml:29:13-31:52
95                android:name="androidx.profileinstaller.ProfileInstallerInitializer"
95-->[androidx.profileinstaller:profileinstaller:1.3.0] AndroidManifest.xml:30:17-85
96                android:value="androidx.startup" />
96-->[androidx.profileinstaller:profileinstaller:1.3.0] AndroidManifest.xml:31:17-49
97        </provider>
98
99        <receiver
99-->[androidx.profileinstaller:profileinstaller:1.3.0] AndroidManifest.xml:34:9-52:20
100            android:name="androidx.profileinstaller.ProfileInstallReceiver"
100-->[androidx.profileinstaller:profileinstaller:1.3.0] AndroidManifest.xml:35:13-76
101            android:directBootAware="false"
101-->[androidx.profileinstaller:profileinstaller:1.3.0] AndroidManifest.xml:36:13-44
102            android:enabled="true"
102-->[androidx.profileinstaller:profileinstaller:1.3.0] AndroidManifest.xml:37:13-35
103            android:exported="true"
103-->[androidx.profileinstaller:profileinstaller:1.3.0] AndroidManifest.xml:38:13-36
104            android:permission="android.permission.DUMP" >
104-->[androidx.profileinstaller:profileinstaller:1.3.0] AndroidManifest.xml:39:13-57
105            <intent-filter>
105-->[androidx.profileinstaller:profileinstaller:1.3.0] AndroidManifest.xml:40:13-42:29
106                <action android:name="androidx.profileinstaller.action.INSTALL_PROFILE" />
106-->[androidx.profileinstaller:profileinstaller:1.3.0] AndroidManifest.xml:41:17-91
106-->[androidx.profileinstaller:profileinstaller:1.3.0] AndroidManifest.xml:41:25-88
107            </intent-filter>
108            <intent-filter>
108-->[androidx.profileinstaller:profileinstaller:1.3.0] AndroidManifest.xml:43:13-45:29
109                <action android:name="androidx.profileinstaller.action.SKIP_FILE" />
109-->[androidx.profileinstaller:profileinstaller:1.3.0] AndroidManifest.xml:44:17-85
109-->[androidx.profileinstaller:profileinstaller:1.3.0] AndroidManifest.xml:44:25-82
110            </intent-filter>
111            <intent-filter>
111-->[androidx.profileinstaller:profileinstaller:1.3.0] AndroidManifest.xml:46:13-48:29
112                <action android:name="androidx.profileinstaller.action.SAVE_PROFILE" />
112-->[androidx.profileinstaller:profileinstaller:1.3.0] AndroidManifest.xml:47:17-88
112-->[androidx.profileinstaller:profileinstaller:1.3.0] AndroidManifest.xml:47:25-85
113            </intent-filter>
114            <intent-filter>
114-->[androidx.profileinstaller:profileinstaller:1.3.0] AndroidManifest.xml:49:13-51:29
115                <action android:name="androidx.profileinstaller.action.BENCHMARK_OPERATION" />
115-->[androidx.profileinstaller:profileinstaller:1.3.0] AndroidManifest.xml:50:17-95
115-->[androidx.profileinstaller:profileinstaller:1.3.0] AndroidManifest.xml:50:25-92
116            </intent-filter>
117        </receiver>
118    </application>
119
120</manifest>